<?xml version="1.0" encoding="UTF-8"?>
<!-- Generated by org.testng.reporters.JUnitReportReporter -->
<testsuite hostname="Sumeet" failures="0" tests="6" name="test.pak.TestNG" time="45.901" errors="0" timestamp="2022-03-18T19:11:15 IST" skipped="0">
  <testcase classname="test.pak.TestNG" name="testA" time="8.976"/>
  <system-out/>
  <testcase classname="test.pak.TestNG" name="testE" time="7.302"/>
  <system-out/>
  <testcase classname="test.pak.TestNG" name="testD" time="7.433"/>
  <system-out/>
  <testcase classname="test.pak.TestNG" name="testB" time="7.818"/>
  <system-out/>
  <testcase classname="test.pak.TestNG" name="testF" time="7.416"/>
  <system-out/>
  <testcase classname="test.pak.TestNG" name="testC" time="6.956"/>
  <system-out/>
</testsuite> <!-- test.pak.TestNG -->
